2021-02-14 20:13:10-log: [Package] menu@1.0.0 enable
2021-02-14 20:13:10-log: [Package] profile@1.0.0 enable
2021-02-14 20:13:10-log: [Package] messages@1.0.0 enable
2021-02-14 20:13:11-log: [Package] program@1.0.0 enable
2021-02-14 20:13:11-log: [Package] device@1.0.1 enable
2021-02-14 20:13:11-log: [Package] ui-kit@1.0.0 enable
2021-02-14 20:13:11-log: [Package] tester@1.0.0 enable
2021-02-14 20:13:11-log: [Package] preferences@1.0.0 enable
2021-02-14 20:13:11-log: Setup mods mgr.: 314.522ms
2021-02-14 20:13:11-log: [Package] engine@1.0.5 enable
2021-02-14 20:13:15-log: [Package] programming@1.0.0 enable
2021-02-14 20:13:15-log: [Package] asset-db@1.0.0 enable
2021-02-14 20:13:15-log: [Package] console@1.0.0 enable
2021-02-14 20:13:15-log: [Package] scene@1.0.0 enable
2021-02-14 20:13:15-log: [Package] project@1.0.1 enable
2021-02-14 20:13:15-log: [Package] about@1.0.0 enable
2021-02-14 20:13:15-log: [Package] server@1.0.0 enable
2021-02-14 20:13:15-log: [Package] utils@1.0.0 enable
2021-02-14 20:13:15-log: [Package] assets@1.0.0 enable
2021-02-14 20:13:15-log: [Package] inspector@1.0.0 enable
2021-02-14 20:13:15-log: [Package] hierarchy@1.0.0 enable
2021-02-14 20:13:17-log: [Package] preview@1.0.0 enable
2021-02-14 20:13:17-log: [Package] animator@1.0.0 enable
